<?xml version="1.0" encoding="UTF-8"?>
<testng-results ignored="0" total="1" passed="1" failed="0" skipped="0">
  <reporter-output>
  </reporter-output>
  <suite started-at="2024-01-23T15:39:35 PST" name="Default suite" finished-at="2024-01-23T15:39:44 PST" duration-ms="8520">
    <groups>
    </groups>
    <test started-at="2024-01-23T15:39:35 PST" name="Default test" finished-at="2024-01-23T15:39:44 PST" duration-ms="8520">
      <class name="webDriver_Framework.Selenium_Framework.AppTest">
        <test-method signature="valid_application()[pri:0, instance:webDriver_Framework.Selenium_Framework.AppTest@c8c12ac]" started-at="2024-01-23T15:39:35 PST" name="valid_application" finished-at="2024-01-23T15:39:44 PST" duration-ms="8452" status="PASS">
          <reporter-output>
          </reporter-output>
        </test-method> <!-- valid_application -->
      </class> <!-- webDriver_Framework.Selenium_Framework.AppTest -->
    </test> <!-- Default test -->
  </suite> <!-- Default suite -->
</testng-results>
